mode: set
github.com/willchat-ofc/api-willchat-golang/internal/data/usecase/create_chat.go:12.89,16.2 1 0
github.com/willchat-ofc/api-willchat-golang/internal/data/usecase/create_chat.go:18.82,21.16 2 0
github.com/willchat-ofc/api-willchat-golang/internal/data/usecase/create_chat.go:21.16,23.3 1 0
github.com/willchat-ofc/api-willchat-golang/internal/data/usecase/create_chat.go:25.2,29.8 1 0
github.com/willchat-ofc/api-willchat-golang/internal/presentation/controllers/create_chat.go:15.83,19.2 1 0
github.com/willchat-ofc/api-willchat-golang/internal/presentation/controllers/create_chat.go:27.112,29.16 2 0
github.com/willchat-ofc/api-willchat-golang/internal/presentation/controllers/create_chat.go:29.16,33.3 1 0
github.com/willchat-ofc/api-willchat-golang/internal/presentation/controllers/create_chat.go:35.2,39.19 1 0
github.com/willchat-ofc/api-willchat-golang/internal/infra/db/mongodb/helpers/mongo_helper.go:13.36,16.16 3 0
github.com/willchat-ofc/api-willchat-golang/internal/infra/db/mongodb/helpers/mongo_helper.go:16.16,18.3 1 0
github.com/willchat-ofc/api-willchat-golang/internal/infra/db/mongodb/helpers/mongo_helper.go:20.2,21.16 2 0
github.com/willchat-ofc/api-willchat-golang/internal/infra/db/mongodb/helpers/mongo_helper.go:21.16,23.3 1 0
github.com/willchat-ofc/api-willchat-golang/internal/infra/db/mongodb/helpers/mongo_helper.go:25.2,25.36 1 0
github.com/willchat-ofc/api-willchat-golang/internal/utils/verify_access_token.go:11.56,13.2 1 0
github.com/willchat-ofc/api-willchat-golang/internal/utils/verify_access_token.go:15.97,17.101 2 0
github.com/willchat-ofc/api-willchat-golang/internal/utils/verify_access_token.go:17.101,19.3 1 0
github.com/willchat-ofc/api-willchat-golang/internal/utils/verify_access_token.go:20.2,20.27 1 0
github.com/willchat-ofc/api-willchat-golang/tests/data_test/usecase_test/create_chat_repository.go:15.128,21.2 4 0
github.com/willchat-ofc/api-willchat-golang/tests/data_test/usecase_test/create_chat_repository.go:23.37,24.38 1 0
github.com/willchat-ofc/api-willchat-golang/tests/data_test/usecase_test/create_chat_repository.go:24.38,39.3 7 0
github.com/willchat-ofc/api-willchat-golang/tests/data_test/usecase_test/create_chat_repository.go:41.2,41.56 1 0
github.com/willchat-ofc/api-willchat-golang/tests/data_test/usecase_test/create_chat_repository.go:41.56,50.3 6 0
github.com/willchat-ofc/api-willchat-golang/tests/mocks/create_chat.go:26.65,30.2 3 0
github.com/willchat-ofc/api-willchat-golang/tests/mocks/create_chat.go:33.63,35.2 1 0
github.com/willchat-ofc/api-willchat-golang/tests/mocks/create_chat.go:38.84,44.2 5 0
github.com/willchat-ofc/api-willchat-golang/tests/mocks/create_chat.go:47.80,50.2 2 0
github.com/willchat-ofc/api-willchat-golang/tests/mocks/create_chat_repository.go:26.85,30.2 3 0
github.com/willchat-ofc/api-willchat-golang/tests/mocks/create_chat_repository.go:33.83,35.2 1 0
github.com/willchat-ofc/api-willchat-golang/tests/mocks/create_chat_repository.go:38.106,44.2 5 0
github.com/willchat-ofc/api-willchat-golang/tests/mocks/create_chat_repository.go:47.90,50.2 2 0
github.com/willchat-ofc/api-willchat-golang/internal/presentation/controllers/create_chat.go:15.83,19.2 1 1
github.com/willchat-ofc/api-willchat-golang/internal/presentation/controllers/create_chat.go:27.112,29.16 2 1
github.com/willchat-ofc/api-willchat-golang/internal/presentation/controllers/create_chat.go:29.16,33.3 1 1
github.com/willchat-ofc/api-willchat-golang/internal/presentation/controllers/create_chat.go:35.2,39.19 1 1
github.com/willchat-ofc/api-willchat-golang/tests/mocks/create_chat.go:26.65,30.2 3 1
github.com/willchat-ofc/api-willchat-golang/tests/mocks/create_chat.go:33.63,35.2 1 1
github.com/willchat-ofc/api-willchat-golang/tests/mocks/create_chat.go:38.84,44.2 5 1
github.com/willchat-ofc/api-willchat-golang/tests/mocks/create_chat.go:47.80,50.2 2 1
github.com/willchat-ofc/api-willchat-golang/tests/mocks/create_chat_repository.go:26.85,30.2 3 0
github.com/willchat-ofc/api-willchat-golang/tests/mocks/create_chat_repository.go:33.83,35.2 1 0
github.com/willchat-ofc/api-willchat-golang/tests/mocks/create_chat_repository.go:38.106,44.2 5 0
github.com/willchat-ofc/api-willchat-golang/tests/mocks/create_chat_repository.go:47.90,50.2 2 0
